# JRE version: Java(TM) SE Runtime Environment (8.0_191-b12) (build 1.8.0_191-b12)
# Java VM: Java HotSpot(TM) 64-Bit Server VM (25.191-b12 mixed mode windows-amd64 compressed oops)
Heap:
 PSYoungGen      total 71680K, used 21106K [0x00000000d5b80000, 0x00000000da680000, 0x0000000100000000)
  eden space 66560K, 24% used [0x00000000d5b80000,0x00000000d6b23190,0x00000000d9c80000)
  from space 5120K, 99% used [0x00000000d9c80000,0x00000000da179738,0x00000000da180000)
  to   space 5120K, 0% used [0x00000000da180000,0x00000000da180000,0x00000000da680000)
 ParOldGen       total 51200K, used 8801K [0x0000000081200000, 0x0000000084400000, 0x00000000d5b80000)
  object space 51200K, 17% used [0x0000000081200000,0x0000000081a986a0,0x0000000084400000)
 Metaspace       used 29479K, capacity 30438K, committed 30464K, reserved 1075200K
  class space    used 3829K, capacity 4071K, committed 4096K, reserved 1048576K
GC Heap History (10 events):
Event: 1.329 GC heap before
{Heap before GC invocations=4 (full 0):
 PSYoungGen      total 38400K, used 38399K [0x00000000d5b80000, 0x00000000da680000, 0x0000000100000000)
  eden space 33280K, 100% used [0x00000000d5b80000,0x00000000d7c00000,0x00000000d7c00000)
  from space 5120K, 99% used [0x00000000d7c00000,0x00000000d80fff38,0x00000000d8100000)
  to   space 5120K, 0% used [0x00000000da180000,0x00000000da180000,0x00000000da680000)
 ParOldGen       total 87552K, used 1034K [0x0000000081200000, 0x0000000086780000, 0x00000000d5b80000)
  object space 87552K, 1% used [0x0000000081200000,0x00000000813028f0,0x0000000086780000)
 Metaspace       used 19620K, capacity 20140K, committed 20480K, reserved 1067008K
  class space    used 2549K, capacity 2696K, committed 2816K, reserved 1048576K
Event: 1.335 GC heap after
Heap after GC invocations=4 (full 0):
 PSYoungGen      total 71680K, used 5108K [0x00000000d5b80000, 0x00000000da680000, 0x0000000100000000)
  eden space 66560K, 0% used [0x00000000d5b80000,0x00000000d5b80000,0x00000000d9c80000)
  from space 5120K, 99% used [0x00000000da180000,0x00000000da67d3c8,0x00000000da680000)
  to   space 5120K, 0% used [0x00000000d9c80000,0x00000000d9c80000,0x00000000da180000)
 ParOldGen       total 87552K, used 3477K [0x0000000081200000, 0x0000000086780000, 0x00000000d5b80000)
  object space 87552K, 3% used [0x0000000081200000,0x0000000081565658,0x0000000086780000)
 Metaspace       used 19620K, capacity 20140K, committed 20480K, reserved 1067008K
  class space    used 2549K, capacity 2696K, committed 2816K, reserved 1048576K
}
Event: 1.378 GC heap before
{Heap before GC invocations=5 (full 0):
 PSYoungGen      total 71680K, used 15290K [0x00000000d5b80000, 0x00000000da680000, 0x0000000100000000)
  eden space 66560K, 15% used [0x00000000d5b80000,0x00000000d6571508,0x00000000d9c80000)
  from space 5120K, 99% used [0x00000000da180000,0x00000000da67d3c8,0x00000000da680000)
  to   space 5120K, 0% used [0x00000000d9c80000,0x00000000d9c80000,0x00000000da180000)
 ParOldGen       total 87552K, used 3477K [0x0000000081200000, 0x0000000086780000, 0x00000000d5b80000)
  object space 87552K, 3% used [0x0000000081200000,0x0000000081565658,0x0000000086780000)
 Metaspace       used 20678K, capacity 21152K, committed 21248K, reserved 1067008K
  class space    used 2655K, capacity 2796K, committed 2816K, reserved 1048576K
Event: 1.384 GC heap after
Heap after GC invocations=5 (full 0):
 PSYoungGen      total 71680K, used 5119K [0x00000000d5b80000, 0x00000000da680000, 0x0000000100000000)
  eden space 66560K, 0% used [0x00000000d5b80000,0x00000000d5b80000,0x00000000d9c80000)
  from space 5120K, 99% used [0x00000000d9c80000,0x00000000da17fc80,0x00000000da180000)
  to   space 5120K, 0% used [0x00000000da180000,0x00000000da180000,0x00000000da680000)
 ParOldGen       total 87552K, used 4265K [0x0000000081200000, 0x0000000086780000, 0x00000000d5b80000)
  object space 87552K, 4% used [0x0000000081200000,0x000000008162a7e0,0x0000000086780000)
 Metaspace       used 20678K, capacity 21152K, committed 21248K, reserved 1067008K
  class space    used 2655K, capacity 2796K, committed 2816K, reserved 1048576K
}
Event: 1.384 GC heap before
{Heap before GC invocations=6 (full 1):
 PSYoungGen      total 71680K, used 5119K [0x00000000d5b80000, 0x00000000da680000, 0x0000000100000000)
  eden space 66560K, 0% used [0x00000000d5b80000,0x00000000d5b80000,0x00000000d9c80000)
  from space 5120K, 99% used [0x00000000d9c80000,0x00000000da17fc80,0x00000000da180000)
  to   space 5120K, 0% used [0x00000000da180000,0x00000000da180000,0x00000000da680000)
 ParOldGen       total 87552K, used 4265K [0x0000000081200000, 0x0000000086780000, 0x00000000d5b80000)
  object space 87552K, 4% used [0x0000000081200000,0x000000008162a7e0,0x0000000086780000)
 Metaspace       used 20678K, capacity 21152K, committed 21248K, reserved 1067008K
  class space    used 2655K, capacity 2796K, committed 2816K, reserved 1048576K
Event: 1.409 GC heap after
Heap after GC invocations=6 (full 1):
 PSYoungGen      total 71680K, used 0K [0x00000000d5b80000, 0x00000000da680000, 0x0000000100000000)
  eden space 66560K, 0% used [0x00000000d5b80000,0x00000000d5b80000,0x00000000d9c80000)
  from space 5120K, 0% used [0x00000000d9c80000,0x00000000d9c80000,0x00000000da180000)
  to   space 5120K, 0% used [0x00000000da180000,0x00000000da180000,0x00000000da680000)
 ParOldGen       total 51200K, used 5712K [0x0000000081200000, 0x0000000084400000, 0x00000000d5b80000)
  object space 51200K, 11% used [0x0000000081200000,0x0000000081794258,0x0000000084400000)
 Metaspace       used 20678K, capacity 21152K, committed 21248K, reserved 1067008K
  class space    used 2655K, capacity 2796K, committed 2816K, reserved 1048576K
}
Event: 1.675 GC heap before
{Heap before GC invocations=7 (full 1):
 PSYoungGen      total 71680K, used 66536K [0x00000000d5b80000, 0x00000000da680000, 0x0000000100000000)
  eden space 66560K, 99% used [0x00000000d5b80000,0x00000000d9c7a240,0x00000000d9c80000)
  from space 5120K, 0% used [0x00000000d9c80000,0x00000000d9c80000,0x00000000da180000)
  to   space 5120K, 0% used [0x00000000da180000,0x00000000da180000,0x00000000da680000)
 ParOldGen       total 51200K, used 5712K [0x0000000081200000, 0x0000000084400000, 0x00000000d5b80000)
  object space 51200K, 11% used [0x0000000081200000,0x0000000081794258,0x0000000084400000)
 Metaspace       used 24730K, capacity 25378K, committed 25728K, reserved 1071104K
  class space    used 3189K, capacity 3347K, committed 3456K, reserved 1048576K
Event: 1.679 GC heap after
Heap after GC invocations=7 (full 1):
 PSYoungGen      total 71680K, used 5100K [0x00000000d5b80000, 0x00000000da680000, 0x0000000100000000)
  eden space 66560K, 0% used [0x00000000d5b80000,0x00000000d5b80000,0x00000000d9c80000)
  from space 5120K, 99% used [0x00000000da180000,0x00000000da67b0f8,0x00000000da680000)
  to   space 5120K, 0% used [0x00000000d9c80000,0x00000000d9c80000,0x00000000da180000)
 ParOldGen       total 51200K, used 6256K [0x0000000081200000, 0x0000000084400000, 0x00000000d5b80000)
  object space 51200K, 12% used [0x0000000081200000,0x000000008181c150,0x0000000084400000)
 Metaspace       used 24730K, capacity 25378K, committed 25728K, reserved 1071104K
  class space    used 3189K, capacity 3347K, committed 3456K, reserved 1048576K
}
Event: 2.187 GC heap before
{Heap before GC invocations=8 (full 1):
 PSYoungGen      total 71680K, used 71660K [0x00000000d5b80000, 0x00000000da680000, 0x0000000100000000)
  eden space 66560K, 100% used [0x00000000d5b80000,0x00000000d9c80000,0x00000000d9c80000)
  from space 5120K, 99% used [0x00000000da180000,0x00000000da67b0f8,0x00000000da680000)
  to   space 5120K, 0% used [0x00000000d9c80000,0x00000000d9c80000,0x00000000da180000)
 ParOldGen       total 51200K, used 6256K [0x0000000081200000, 0x0000000084400000, 0x00000000d5b80000)
  object space 51200K, 12% used [0x0000000081200000,0x000000008181c150,0x0000000084400000)
 Metaspace       used 28345K, capacity 29306K, committed 29568K, reserved 1075200K
  class space    used 3701K, capacity 3909K, committed 3968K, reserved 1048576K
Event: 2.193 GC heap after
Heap after GC invocations=8 (full 1):
 PSYoungGen      total 71680K, used 5093K [0x00000000d5b80000, 0x00000000da680000, 0x0000000100000000)
  eden space 66560K, 0% used [0x00000000d5b80000,0x00000000d5b80000,0x00000000d9c80000)
  from space 5120K, 99% used [0x00000000d9c80000,0x00000000da179738,0x00000000da180000)
  to   space 5120K, 0% used [0x00000000da180000,0x00000000da180000,0x00000000da680000)
 ParOldGen       total 51200K, used 8801K [0x0000000081200000, 0x0000000084400000, 0x00000000d5b80000)
  object space 51200K, 17% used [0x0000000081200000,0x0000000081a986a0,0x0000000084400000)
 Metaspace       used 28345K, capacity 29306K, committed 29568K, reserved 1075200K
  class space    used 3701K, capacity 3909K, committed 3968K, reserved 1048576K
}

