# JRE version: Java(TM) SE Runtime Environment (8.0_191-b12) (build 1.8.0_191-b12)
# Java VM: Java HotSpot(TM) 64-Bit Server VM (25.191-b12 mixed mode windows-amd64 compressed oops)
Heap:
 PSYoungGen      total 135680K, used 66029K [0x00000000d5b80000, 0x00000000df780000, 0x0000000100000000)
  eden space 122368K, 46% used [0x00000000d5b80000,0x00000000d92d64e8,0x00000000dd300000)
  from space 13312K, 70% used [0x00000000ddd80000,0x00000000de6a4f98,0x00000000dea80000)
  to   space 11264K, 0% used [0x00000000dec80000,0x00000000dec80000,0x00000000df780000)
 ParOldGen       total 86016K, used 20552K [0x0000000081200000, 0x0000000086600000, 0x00000000d5b80000)
  object space 86016K, 23% used [0x0000000081200000,0x00000000826123b8,0x0000000086600000)
 Metaspace       used 52787K, capacity 55044K, committed 55384K, reserved 1097728K
  class space    used 7304K, capacity 7716K, committed 7768K, reserved 1048576K
GC Heap History (10 events):
Event: 6.169 GC heap before
{Heap before GC invocations=9 (full 1):
 PSYoungGen      total 71168K, used 66710K [0x00000000d5b80000, 0x00000000dcb00000, 0x0000000100000000)
  eden space 62976K, 100% used [0x00000000d5b80000,0x00000000d9900000,0x00000000d9900000)
  from space 8192K, 45% used [0x00000000d9900000,0x00000000d9ca5940,0x00000000da100000)
  to   space 8192K, 0% used [0x00000000dc300000,0x00000000dc300000,0x00000000dcb00000)
 ParOldGen       total 53248K, used 6706K [0x0000000081200000, 0x0000000084600000, 0x00000000d5b80000)
  object space 53248K, 12% used [0x0000000081200000,0x000000008188c938,0x0000000084600000)
 Metaspace       used 30039K, capacity 31072K, committed 31360K, reserved 1077248K
  class space    used 3894K, capacity 4154K, committed 4224K, reserved 1048576K
Event: 6.178 GC heap after
Heap after GC invocations=9 (full 1):
 PSYoungGen      total 104960K, used 8179K [0x00000000d5b80000, 0x00000000dd680000, 0x0000000100000000)
  eden space 96768K, 0% used [0x00000000d5b80000,0x00000000d5b80000,0x00000000dba00000)
  from space 8192K, 99% used [0x00000000dc300000,0x00000000dcafcf88,0x00000000dcb00000)
  to   space 9216K, 0% used [0x00000000dba00000,0x00000000dba00000,0x00000000dc300000)
 ParOldGen       total 53248K, used 7307K [0x0000000081200000, 0x0000000084600000, 0x00000000d5b80000)
  object space 53248K, 13% used [0x0000000081200000,0x0000000081922f78,0x0000000084600000)
 Metaspace       used 30039K, capacity 31072K, committed 31360K, reserved 1077248K
  class space    used 3894K, capacity 4154K, committed 4224K, reserved 1048576K
}
Event: 7.238 GC heap before
{Heap before GC invocations=10 (full 1):
 PSYoungGen      total 104960K, used 58604K [0x00000000d5b80000, 0x00000000dd680000, 0x0000000100000000)
  eden space 96768K, 52% used [0x00000000d5b80000,0x00000000d8cbe118,0x00000000dba00000)
  from space 8192K, 99% used [0x00000000dc300000,0x00000000dcafcf88,0x00000000dcb00000)
  to   space 9216K, 0% used [0x00000000dba00000,0x00000000dba00000,0x00000000dc300000)
 ParOldGen       total 53248K, used 7307K [0x0000000081200000, 0x0000000084600000, 0x00000000d5b80000)
  object space 53248K, 13% used [0x0000000081200000,0x0000000081922f78,0x0000000084600000)
 Metaspace       used 34155K, capacity 35364K, committed 35416K, reserved 1079296K
  class space    used 4389K, capacity 4670K, committed 4696K, reserved 1048576K
Event: 7.249 GC heap after
Heap after GC invocations=10 (full 1):
 PSYoungGen      total 105984K, used 9198K [0x00000000d5b80000, 0x00000000df780000, 0x0000000100000000)
  eden space 96768K, 0% used [0x00000000d5b80000,0x00000000d5b80000,0x00000000dba00000)
  from space 9216K, 99% used [0x00000000dba00000,0x00000000dc2fb808,0x00000000dc300000)
  to   space 11264K, 0% used [0x00000000dec80000,0x00000000dec80000,0x00000000df780000)
 ParOldGen       total 53248K, used 9162K [0x0000000081200000, 0x0000000084600000, 0x00000000d5b80000)
  object space 53248K, 17% used [0x0000000081200000,0x0000000081af2b30,0x0000000084600000)
 Metaspace       used 34155K, capacity 35364K, committed 35416K, reserved 1079296K
  class space    used 4389K, capacity 4670K, committed 4696K, reserved 1048576K
}
Event: 7.249 GC heap before
{Heap before GC invocations=11 (full 2):
 PSYoungGen      total 105984K, used 9198K [0x00000000d5b80000, 0x00000000df780000, 0x0000000100000000)
  eden space 96768K, 0% used [0x00000000d5b80000,0x00000000d5b80000,0x00000000dba00000)
  from space 9216K, 99% used [0x00000000dba00000,0x00000000dc2fb808,0x00000000dc300000)
  to   space 11264K, 0% used [0x00000000dec80000,0x00000000dec80000,0x00000000df780000)
 ParOldGen       total 53248K, used 9162K [0x0000000081200000, 0x0000000084600000, 0x00000000d5b80000)
  object space 53248K, 17% used [0x0000000081200000,0x0000000081af2b30,0x0000000084600000)
 Metaspace       used 34155K, capacity 35364K, committed 35416K, reserved 1079296K
  class space    used 4389K, capacity 4670K, committed 4696K, reserved 1048576K
Event: 7.307 GC heap after
Heap after GC invocations=11 (full 2):
 PSYoungGen      total 105984K, used 0K [0x00000000d5b80000, 0x00000000df780000, 0x0000000100000000)
  eden space 96768K, 0% used [0x00000000d5b80000,0x00000000d5b80000,0x00000000dba00000)
  from space 9216K, 0% used [0x00000000dba00000,0x00000000dba00000,0x00000000dc300000)
  to   space 11264K, 0% used [0x00000000dec80000,0x00000000dec80000,0x00000000df780000)
 ParOldGen       total 86016K, used 15453K [0x0000000081200000, 0x0000000086600000, 0x00000000d5b80000)
  object space 86016K, 17% used [0x0000000081200000,0x0000000082117530,0x0000000086600000)
 Metaspace       used 34155K, capacity 35364K, committed 35416K, reserved 1079296K
  class space    used 4389K, capacity 4670K, committed 4696K, reserved 1048576K
}
Event: 9.361 GC heap before
{Heap before GC invocations=12 (full 2):
 PSYoungGen      total 105984K, used 96768K [0x00000000d5b80000, 0x00000000df780000, 0x0000000100000000)
  eden space 96768K, 100% used [0x00000000d5b80000,0x00000000dba00000,0x00000000dba00000)
  from space 9216K, 0% used [0x00000000dba00000,0x00000000dba00000,0x00000000dc300000)
  to   space 11264K, 0% used [0x00000000dec80000,0x00000000dec80000,0x00000000df780000)
 ParOldGen       total 86016K, used 15453K [0x0000000081200000, 0x0000000086600000, 0x00000000d5b80000)
  object space 86016K, 17% used [0x0000000081200000,0x0000000082117530,0x0000000086600000)
 Metaspace       used 45788K, capacity 47160K, committed 47320K, reserved 1089536K
  class space    used 6323K, capacity 6612K, committed 6616K, reserved 1048576K
Event: 9.373 GC heap after
Heap after GC invocations=12 (full 2):
 PSYoungGen      total 133632K, used 11259K [0x00000000d5b80000, 0x00000000df780000, 0x0000000100000000)
  eden space 122368K, 0% used [0x00000000d5b80000,0x00000000d5b80000,0x00000000dd300000)
  from space 11264K, 99% used [0x00000000dec80000,0x00000000df77ec60,0x00000000df780000)
  to   space 13312K, 0% used [0x00000000ddd80000,0x00000000ddd80000,0x00000000dea80000)
 ParOldGen       total 86016K, used 17361K [0x0000000081200000, 0x0000000086600000, 0x00000000d5b80000)
  object space 86016K, 20% used [0x0000000081200000,0x00000000822f47c0,0x0000000086600000)
 Metaspace       used 45788K, capacity 47160K, committed 47320K, reserved 1089536K
  class space    used 6323K, capacity 6612K, committed 6616K, reserved 1048576K
}
Event: 10.913 GC heap before
{Heap before GC invocations=13 (full 2):
 PSYoungGen      total 133632K, used 133627K [0x00000000d5b80000, 0x00000000df780000, 0x0000000100000000)
  eden space 122368K, 100% used [0x00000000d5b80000,0x00000000dd300000,0x00000000dd300000)
  from space 11264K, 99% used [0x00000000dec80000,0x00000000df77ec60,0x00000000df780000)
  to   space 13312K, 0% used [0x00000000ddd80000,0x00000000ddd80000,0x00000000dea80000)
 ParOldGen       total 86016K, used 17361K [0x0000000081200000, 0x0000000086600000, 0x00000000d5b80000)
  object space 86016K, 20% used [0x0000000081200000,0x00000000822f47c0,0x0000000086600000)
 Metaspace       used 51408K, capacity 53558K, committed 53592K, reserved 1095680K
  class space    used 7109K, capacity 7497K, committed 7512K, reserved 1048576K
Event: 10.932 GC heap after
Heap after GC invocations=13 (full 2):
 PSYoungGen      total 135680K, used 9363K [0x00000000d5b80000, 0x00000000df780000, 0x0000000100000000)
  eden space 122368K, 0% used [0x00000000d5b80000,0x00000000d5b80000,0x00000000dd300000)
  from space 13312K, 70% used [0x00000000ddd80000,0x00000000de6a4f98,0x00000000dea80000)
  to   space 11264K, 0% used [0x00000000dec80000,0x00000000dec80000,0x00000000df780000)
 ParOldGen       total 86016K, used 20552K [0x0000000081200000, 0x0000000086600000, 0x00000000d5b80000)
  object space 86016K, 23% used [0x0000000081200000,0x00000000826123b8,0x0000000086600000)
 Metaspace       used 51408K, capacity 53558K, committed 53592K, reserved 1095680K
  class space    used 7109K, capacity 7497K, committed 7512K, reserved 1048576K
}

