# JRE version: Java(TM) SE Runtime Environment (8.0_191-b12) (build 1.8.0_191-b12)
# Java VM: Java HotSpot(TM) 64-Bit Server VM (25.191-b12 mixed mode windows-amd64 compressed oops)
Heap:
 PSYoungGen      total 69120K, used 58387K [0x00000000d5b80000, 0x00000000dd880000, 0x0000000100000000)
  eden space 64000K, 83% used [0x00000000d5b80000,0x00000000d8f8a600,0x00000000d9a00000)
  from space 5120K, 99% used [0x00000000da180000,0x00000000da67a708,0x00000000da680000)
  to   space 7680K, 0% used [0x00000000d9a00000,0x00000000d9a00000,0x00000000da180000)
 ParOldGen       total 51200K, used 6124K [0x0000000081200000, 0x0000000084400000, 0x00000000d5b80000)
  object space 51200K, 11% used [0x0000000081200000,0x00000000817fb198,0x0000000084400000)
 Metaspace       used 27428K, capacity 28250K, committed 28416K, reserved 1073152K
  class space    used 3551K, capacity 3759K, committed 3840K, reserved 1048576K
GC Heap History (10 events):
Event: 1.124 GC heap before
{Heap before GC invocations=3 (full 0):
 PSYoungGen      total 38400K, used 38385K [0x00000000d5b80000, 0x00000000da680000, 0x0000000100000000)
  eden space 33280K, 100% used [0x00000000d5b80000,0x00000000d7c00000,0x00000000d7c00000)
  from space 5120K, 99% used [0x00000000d8100000,0x00000000d85fc698,0x00000000d8600000)
  to   space 5120K, 0% used [0x00000000d7c00000,0x00000000d7c00000,0x00000000d8100000)
 ParOldGen       total 87552K, used 389K [0x0000000081200000, 0x0000000086780000, 0x00000000d5b80000)
  object space 87552K, 0% used [0x0000000081200000,0x0000000081261710,0x0000000086780000)
 Metaspace       used 16149K, capacity 16632K, committed 16896K, reserved 1064960K
  class space    used 2103K, capacity 2236K, committed 2304K, reserved 1048576K
Event: 1.129 GC heap after
Heap after GC invocations=3 (full 0):
 PSYoungGen      total 38400K, used 5092K [0x00000000d5b80000, 0x00000000da680000, 0x0000000100000000)
  eden space 33280K, 0% used [0x00000000d5b80000,0x00000000d5b80000,0x00000000d7c00000)
  from space 5120K, 99% used [0x00000000d7c00000,0x00000000d80f93c8,0x00000000d8100000)
  to   space 5120K, 0% used [0x00000000da180000,0x00000000da180000,0x00000000da680000)
 ParOldGen       total 87552K, used 1103K [0x0000000081200000, 0x0000000086780000, 0x00000000d5b80000)
  object space 87552K, 1% used [0x0000000081200000,0x0000000081313ea0,0x0000000086780000)
 Metaspace       used 16149K, capacity 16632K, committed 16896K, reserved 1064960K
  class space    used 2103K, capacity 2236K, committed 2304K, reserved 1048576K
}
Event: 1.265 GC heap before
{Heap before GC invocations=4 (full 0):
 PSYoungGen      total 38400K, used 38372K [0x00000000d5b80000, 0x00000000da680000, 0x0000000100000000)
  eden space 33280K, 100% used [0x00000000d5b80000,0x00000000d7c00000,0x00000000d7c00000)
  from space 5120K, 99% used [0x00000000d7c00000,0x00000000d80f93c8,0x00000000d8100000)
  to   space 5120K, 0% used [0x00000000da180000,0x00000000da180000,0x00000000da680000)
 ParOldGen       total 87552K, used 1103K [0x0000000081200000, 0x0000000086780000, 0x00000000d5b80000)
  object space 87552K, 1% used [0x0000000081200000,0x0000000081313ea0,0x0000000086780000)
 Metaspace       used 19605K, capacity 20078K, committed 20480K, reserved 1067008K
  class space    used 2553K, capacity 2697K, committed 2816K, reserved 1048576K
Event: 1.271 GC heap after
Heap after GC invocations=4 (full 0):
 PSYoungGen      total 71680K, used 5113K [0x00000000d5b80000, 0x00000000da680000, 0x0000000100000000)
  eden space 66560K, 0% used [0x00000000d5b80000,0x00000000d5b80000,0x00000000d9c80000)
  from space 5120K, 99% used [0x00000000da180000,0x00000000da67e638,0x00000000da680000)
  to   space 5120K, 0% used [0x00000000d9c80000,0x00000000d9c80000,0x00000000da180000)
 ParOldGen       total 87552K, used 3538K [0x0000000081200000, 0x0000000086780000, 0x00000000d5b80000)
  object space 87552K, 4% used [0x0000000081200000,0x0000000081574818,0x0000000086780000)
 Metaspace       used 19605K, capacity 20078K, committed 20480K, reserved 1067008K
  class space    used 2553K, capacity 2697K, committed 2816K, reserved 1048576K
}
Event: 1.311 GC heap before
{Heap before GC invocations=5 (full 0):
 PSYoungGen      total 71680K, used 14192K [0x00000000d5b80000, 0x00000000da680000, 0x0000000100000000)
  eden space 66560K, 13% used [0x00000000d5b80000,0x00000000d645db28,0x00000000d9c80000)
  from space 5120K, 99% used [0x00000000da180000,0x00000000da67e638,0x00000000da680000)
  to   space 5120K, 0% used [0x00000000d9c80000,0x00000000d9c80000,0x00000000da180000)
 ParOldGen       total 87552K, used 3538K [0x0000000081200000, 0x0000000086780000, 0x00000000d5b80000)
  object space 87552K, 4% used [0x0000000081200000,0x0000000081574818,0x0000000086780000)
 Metaspace       used 20680K, capacity 21146K, committed 21248K, reserved 1067008K
  class space    used 2658K, capacity 2795K, committed 2816K, reserved 1048576K
Event: 1.316 GC heap after
Heap after GC invocations=5 (full 0):
 PSYoungGen      total 71680K, used 5091K [0x00000000d5b80000, 0x00000000da680000, 0x0000000100000000)
  eden space 66560K, 0% used [0x00000000d5b80000,0x00000000d5b80000,0x00000000d9c80000)
  from space 5120K, 99% used [0x00000000d9c80000,0x00000000da178c68,0x00000000da180000)
  to   space 5120K, 0% used [0x00000000da180000,0x00000000da180000,0x00000000da680000)
 ParOldGen       total 87552K, used 4284K [0x0000000081200000, 0x0000000086780000, 0x00000000d5b80000)
  object space 87552K, 4% used [0x0000000081200000,0x000000008162f168,0x0000000086780000)
 Metaspace       used 20680K, capacity 21146K, committed 21248K, reserved 1067008K
  class space    used 2658K, capacity 2795K, committed 2816K, reserved 1048576K
}
Event: 1.316 GC heap before
{Heap before GC invocations=6 (full 1):
 PSYoungGen      total 71680K, used 5091K [0x00000000d5b80000, 0x00000000da680000, 0x0000000100000000)
  eden space 66560K, 0% used [0x00000000d5b80000,0x00000000d5b80000,0x00000000d9c80000)
  from space 5120K, 99% used [0x00000000d9c80000,0x00000000da178c68,0x00000000da180000)
  to   space 5120K, 0% used [0x00000000da180000,0x00000000da180000,0x00000000da680000)
 ParOldGen       total 87552K, used 4284K [0x0000000081200000, 0x0000000086780000, 0x00000000d5b80000)
  object space 87552K, 4% used [0x0000000081200000,0x000000008162f168,0x0000000086780000)
 Metaspace       used 20680K, capacity 21146K, committed 21248K, reserved 1067008K
  class space    used 2658K, capacity 2795K, committed 2816K, reserved 1048576K
Event: 1.338 GC heap after
Heap after GC invocations=6 (full 1):
 PSYoungGen      total 71680K, used 0K [0x00000000d5b80000, 0x00000000da680000, 0x0000000100000000)
  eden space 66560K, 0% used [0x00000000d5b80000,0x00000000d5b80000,0x00000000d9c80000)
  from space 5120K, 0% used [0x00000000d9c80000,0x00000000d9c80000,0x00000000da180000)
  to   space 5120K, 0% used [0x00000000da180000,0x00000000da180000,0x00000000da680000)
 ParOldGen       total 51200K, used 5675K [0x0000000081200000, 0x0000000084400000, 0x00000000d5b80000)
  object space 51200K, 11% used [0x0000000081200000,0x000000008178acc0,0x0000000084400000)
 Metaspace       used 20680K, capacity 21146K, committed 21248K, reserved 1067008K
  class space    used 2658K, capacity 2795K, committed 2816K, reserved 1048576K
}
Event: 1.591 GC heap before
{Heap before GC invocations=7 (full 1):
 PSYoungGen      total 71680K, used 66524K [0x00000000d5b80000, 0x00000000da680000, 0x0000000100000000)
  eden space 66560K, 99% used [0x00000000d5b80000,0x00000000d9c77090,0x00000000d9c80000)
  from space 5120K, 0% used [0x00000000d9c80000,0x00000000d9c80000,0x00000000da180000)
  to   space 5120K, 0% used [0x00000000da180000,0x00000000da180000,0x00000000da680000)
 ParOldGen       total 51200K, used 5675K [0x0000000081200000, 0x0000000084400000, 0x00000000d5b80000)
  object space 51200K, 11% used [0x0000000081200000,0x000000008178acc0,0x0000000084400000)
 Metaspace       used 24675K, capacity 25296K, committed 25472K, reserved 1071104K
  class space    used 3191K, capacity 3344K, committed 3456K, reserved 1048576K
Event: 1.596 GC heap after
Heap after GC invocations=7 (full 1):
 PSYoungGen      total 69120K, used 5097K [0x00000000d5b80000, 0x00000000dd880000, 0x0000000100000000)
  eden space 64000K, 0% used [0x00000000d5b80000,0x00000000d5b80000,0x00000000d9a00000)
  from space 5120K, 99% used [0x00000000da180000,0x00000000da67a708,0x00000000da680000)
  to   space 7680K, 0% used [0x00000000d9a00000,0x00000000d9a00000,0x00000000da180000)
 ParOldGen       total 51200K, used 6124K [0x0000000081200000, 0x0000000084400000, 0x00000000d5b80000)
  object space 51200K, 11% used [0x0000000081200000,0x00000000817fb198,0x0000000084400000)
 Metaspace       used 24675K, capacity 25296K, committed 25472K, reserved 1071104K
  class space    used 3191K, capacity 3344K, committed 3456K, reserved 1048576K
}

