# JRE version: Java(TM) SE Runtime Environment (8.0_191-b12) (build 1.8.0_191-b12)
# Java VM: Java HotSpot(TM) 64-Bit Server VM (25.191-b12 mixed mode windows-amd64 compressed oops)
Heap:
 PSYoungGen      total 54784K, used 24003K [0x00000000d5b80000, 0x00000000d9e00000, 0x0000000100000000)
  eden space 42496K, 51% used [0x00000000d5b80000,0x00000000d71087f0,0x00000000d8500000)
  from space 12288K, 15% used [0x00000000d9200000,0x00000000d93e8588,0x00000000d9e00000)
  to   space 12800K, 0% used [0x00000000d8500000,0x00000000d8500000,0x00000000d9180000)
 ParOldGen       total 69632K, used 33829K [0x0000000081200000, 0x0000000085600000, 0x00000000d5b80000)
  object space 69632K, 48% used [0x0000000081200000,0x00000000833097d0,0x0000000085600000)
 Metaspace       used 25120K, capacity 25788K, committed 25984K, reserved 1073152K
  class space    used 2933K, capacity 3147K, committed 3200K, reserved 1048576K
GC Heap History (10 events):
Event: 23.246 GC heap before
{Heap before GC invocations=11 (full 1):
 PSYoungGen      total 41984K, used 31735K [0x00000000d5b80000, 0x00000000d8f80000, 0x0000000100000000)
  eden space 31744K, 99% used [0x00000000d5b80000,0x00000000d7a7de08,0x00000000d7a80000)
  from space 10240K, 0% used [0x00000000d7b00000,0x00000000d7b00000,0x00000000d8500000)
  to   space 10752K, 0% used [0x00000000d8500000,0x00000000d8500000,0x00000000d8f80000)
 ParOldGen       total 69632K, used 20299K [0x0000000081200000, 0x0000000085600000, 0x00000000d5b80000)
  object space 69632K, 29% used [0x0000000081200000,0x00000000825d2f20,0x0000000085600000)
 Metaspace       used 21260K, capacity 21892K, committed 22192K, reserved 1069056K
  class space    used 2550K, capacity 2728K, committed 2816K, reserved 1048576K
Event: 23.250 GC heap after
Heap after GC invocations=11 (full 1):
 PSYoungGen      total 41472K, used 807K [0x00000000d5b80000, 0x00000000d9e00000, 0x0000000100000000)
  eden space 30720K, 0% used [0x00000000d5b80000,0x00000000d5b80000,0x00000000d7980000)
  from space 10752K, 7% used [0x00000000d8500000,0x00000000d85c9da8,0x00000000d8f80000)
  to   space 11776K, 0% used [0x00000000d7980000,0x00000000d7980000,0x00000000d8500000)
 ParOldGen       total 69632K, used 20307K [0x0000000081200000, 0x0000000085600000, 0x00000000d5b80000)
  object space 69632K, 29% used [0x0000000081200000,0x00000000825d4f20,0x0000000085600000)
 Metaspace       used 21260K, capacity 21892K, committed 22192K, reserved 1069056K
  class space    used 2550K, capacity 2728K, committed 2816K, reserved 1048576K
}
Event: 26.816 GC heap before
{Heap before GC invocations=12 (full 1):
 PSYoungGen      total 41472K, used 31527K [0x00000000d5b80000, 0x00000000d9e00000, 0x0000000100000000)
  eden space 30720K, 100% used [0x00000000d5b80000,0x00000000d7980000,0x00000000d7980000)
  from space 10752K, 7% used [0x00000000d8500000,0x00000000d85c9da8,0x00000000d8f80000)
  to   space 11776K, 0% used [0x00000000d7980000,0x00000000d7980000,0x00000000d8500000)
 ParOldGen       total 69632K, used 20307K [0x0000000081200000, 0x0000000085600000, 0x00000000d5b80000)
  object space 69632K, 29% used [0x0000000081200000,0x00000000825d4f20,0x0000000085600000)
 Metaspace       used 21842K, capacity 22436K, committed 22704K, reserved 1069056K
  class space    used 2597K, capacity 2760K, committed 2816K, reserved 1048576K
Event: 26.825 GC heap after
Heap after GC invocations=12 (full 1):
 PSYoungGen      total 41984K, used 10488K [0x00000000d5b80000, 0x00000000d9100000, 0x0000000100000000)
  eden space 30208K, 0% used [0x00000000d5b80000,0x00000000d5b80000,0x00000000d7900000)
  from space 11776K, 89% used [0x00000000d7980000,0x00000000d83be058,0x00000000d8500000)
  to   space 12288K, 0% used [0x00000000d8500000,0x00000000d8500000,0x00000000d9100000)
 ParOldGen       total 69632K, used 20767K [0x0000000081200000, 0x0000000085600000, 0x00000000d5b80000)
  object space 69632K, 29% used [0x0000000081200000,0x0000000082647c28,0x0000000085600000)
 Metaspace       used 21842K, capacity 22436K, committed 22704K, reserved 1069056K
  class space    used 2597K, capacity 2760K, committed 2816K, reserved 1048576K
}
Event: 27.420 GC heap before
{Heap before GC invocations=13 (full 1):
 PSYoungGen      total 41984K, used 40682K [0x00000000d5b80000, 0x00000000d9100000, 0x0000000100000000)
  eden space 30208K, 99% used [0x00000000d5b80000,0x00000000d78fc9b0,0x00000000d7900000)
  from space 11776K, 89% used [0x00000000d7980000,0x00000000d83be058,0x00000000d8500000)
  to   space 12288K, 0% used [0x00000000d8500000,0x00000000d8500000,0x00000000d9100000)
 ParOldGen       total 69632K, used 20767K [0x0000000081200000, 0x0000000085600000, 0x00000000d5b80000)
  object space 69632K, 29% used [0x0000000081200000,0x0000000082647c28,0x0000000085600000)
 Metaspace       used 23121K, capacity 23786K, committed 24064K, reserved 1071104K
  class space    used 2744K, capacity 2953K, committed 3072K, reserved 1048576K
Event: 27.437 GC heap after
Heap after GC invocations=13 (full 1):
 PSYoungGen      total 41984K, used 2649K [0x00000000d5b80000, 0x00000000da000000, 0x0000000100000000)
  eden space 29696K, 0% used [0x00000000d5b80000,0x00000000d5b80000,0x00000000d7880000)
  from space 12288K, 21% used [0x00000000d8500000,0x00000000d8796530,0x00000000d9100000)
  to   space 12800K, 0% used [0x00000000d7880000,0x00000000d7880000,0x00000000d8500000)
 ParOldGen       total 69632K, used 30262K [0x0000000081200000, 0x0000000085600000, 0x00000000d5b80000)
  object space 69632K, 43% used [0x0000000081200000,0x0000000082f8daa8,0x0000000085600000)
 Metaspace       used 23121K, capacity 23786K, committed 24064K, reserved 1071104K
  class space    used 2744K, capacity 2953K, committed 3072K, reserved 1048576K
}
Event: 29.014 GC heap before
{Heap before GC invocations=14 (full 1):
 PSYoungGen      total 41984K, used 32345K [0x00000000d5b80000, 0x00000000da000000, 0x0000000100000000)
  eden space 29696K, 100% used [0x00000000d5b80000,0x00000000d7880000,0x00000000d7880000)
  from space 12288K, 21% used [0x00000000d8500000,0x00000000d8796530,0x00000000d9100000)
  to   space 12800K, 0% used [0x00000000d7880000,0x00000000d7880000,0x00000000d8500000)
 ParOldGen       total 69632K, used 30262K [0x0000000081200000, 0x0000000085600000, 0x00000000d5b80000)
  object space 69632K, 43% used [0x0000000081200000,0x0000000082f8daa8,0x0000000085600000)
 Metaspace       used 23181K, capacity 23850K, committed 24064K, reserved 1071104K
  class space    used 2746K, capacity 2953K, committed 3072K, reserved 1048576K
Event: 29.024 GC heap after
Heap after GC invocations=14 (full 1):
 PSYoungGen      total 42496K, used 3189K [0x00000000d5b80000, 0x00000000d9e80000, 0x0000000100000000)
  eden space 29696K, 0% used [0x00000000d5b80000,0x00000000d5b80000,0x00000000d7880000)
  from space 12800K, 24% used [0x00000000d7880000,0x00000000d7b9d450,0x00000000d8500000)
  to   space 12800K, 0% used [0x00000000d9200000,0x00000000d9200000,0x00000000d9e80000)
 ParOldGen       total 69632K, used 32254K [0x0000000081200000, 0x0000000085600000, 0x00000000d5b80000)
  object space 69632K, 46% used [0x0000000081200000,0x000000008317fab8,0x0000000085600000)
 Metaspace       used 23181K, capacity 23850K, committed 24064K, reserved 1071104K
  class space    used 2746K, capacity 2953K, committed 3072K, reserved 1048576K
}
Event: 30.828 GC heap before
{Heap before GC invocations=15 (full 1):
 PSYoungGen      total 42496K, used 32885K [0x00000000d5b80000, 0x00000000d9e80000, 0x0000000100000000)
  eden space 29696K, 100% used [0x00000000d5b80000,0x00000000d7880000,0x00000000d7880000)
  from space 12800K, 24% used [0x00000000d7880000,0x00000000d7b9d450,0x00000000d8500000)
  to   space 12800K, 0% used [0x00000000d9200000,0x00000000d9200000,0x00000000d9e80000)
 ParOldGen       total 69632K, used 32254K [0x0000000081200000, 0x0000000085600000, 0x00000000d5b80000)
  object space 69632K, 46% used [0x0000000081200000,0x000000008317fab8,0x0000000085600000)
 Metaspace       used 24281K, capacity 24988K, committed 25088K, reserved 1071104K
  class space    used 2843K, capacity 3051K, committed 3072K, reserved 1048576K
Event: 30.834 GC heap after
Heap after GC invocations=15 (full 1):
 PSYoungGen      total 54784K, used 1953K [0x00000000d5b80000, 0x00000000d9e00000, 0x0000000100000000)
  eden space 42496K, 0% used [0x00000000d5b80000,0x00000000d5b80000,0x00000000d8500000)
  from space 12288K, 15% used [0x00000000d9200000,0x00000000d93e8588,0x00000000d9e00000)
  to   space 12800K, 0% used [0x00000000d8500000,0x00000000d8500000,0x00000000d9180000)
 ParOldGen       total 69632K, used 33829K [0x0000000081200000, 0x0000000085600000, 0x00000000d5b80000)
  object space 69632K, 48% used [0x0000000081200000,0x00000000833097d0,0x0000000085600000)
 Metaspace       used 24281K, capacity 24988K, committed 25088K, reserved 1071104K
  class space    used 2843K, capacity 3051K, committed 3072K, reserved 1048576K
}

